2026-01-07T13:56:32.0594787Z ##[group]Run ./gradlew assembleDebug --stacktrace
2026-01-07T13:56:32.0595473Z [36;1m./gradlew assembleDebug --stacktrace[0m
2026-01-07T13:56:32.0626481Z shell: /usr/bin/bash -e {0}
2026-01-07T13:56:32.0626742Z env:
2026-01-07T13:56:32.0627046Z   JAVA_HOME: /opt/hostedtoolcache/Java_Temurin-Hotspot_jdk/17.0.17-10/x64
2026-01-07T13:56:32.0627771Z   JAVA_HOME_17_X64: /opt/hostedtoolcache/Java_Temurin-Hotspot_jdk/17.0.17-10/x64
2026-01-07T13:56:32.0628393Z   SUPABASE_URL: ***
2026-01-07T13:56:32.0629592Z   SUPABASE_ANON_KEY: ***
2026-01-07T13:56:32.0630485Z   OPENAI_API_KEY: ***
2026-01-07T13:56:32.0630722Z ##[endgroup]
2026-01-07T13:56:32.7165892Z 
2026-01-07T13:56:32.7168410Z Welcome to Gradle 8.0!
2026-01-07T13:56:32.7168870Z 
2026-01-07T13:56:32.7175602Z For more details see https://docs.gradle.org/8.0/release-notes.html
2026-01-07T13:56:32.7175955Z 
2026-01-07T13:56:32.8169987Z Starting a Gradle Daemon (subsequent builds will be faster)
2026-01-07T13:56:43.4160293Z Checking the license for package Android SDK Build-Tools 30.0.3 in /usr/local/lib/android/sdk/licenses
2026-01-07T13:56:43.4161976Z License for package Android SDK Build-Tools 30.0.3 accepted.
2026-01-07T13:56:43.4183066Z Preparing "Install Android SDK Build-Tools 30.0.3 (revision: 30.0.3)".
2026-01-07T13:56:44.8159611Z "Install Android SDK Build-Tools 30.0.3 (revision: 30.0.3)" ready.
2026-01-07T13:56:44.8161567Z Installing Android SDK Build-Tools 30.0.3 in /usr/local/lib/android/sdk/build-tools/30.0.3
2026-01-07T13:56:44.9189646Z "Install Android SDK Build-Tools 30.0.3 (revision: 30.0.3)" complete.
2026-01-07T13:56:45.0152437Z "Install Android SDK Build-Tools 30.0.3 (revision: 30.0.3)" finished.
2026-01-07T13:56:45.0158670Z Checking the license for package Android SDK Platform 33 in /usr/local/lib/android/sdk/licenses
2026-01-07T13:56:45.0163730Z License for package Android SDK Platform 33 accepted.
2026-01-07T13:56:45.0168802Z Preparing "Install Android SDK Platform 33 (revision: 3)".
2026-01-07T13:56:47.9184298Z "Install Android SDK Platform 33 (revision: 3)" ready.
2026-01-07T13:56:47.9185261Z Installing Android SDK Platform 33 in /usr/local/lib/android/sdk/platforms/android-33
2026-01-07T13:56:47.9186108Z "Install Android SDK Platform 33 (revision: 3)" complete.
2026-01-07T13:56:47.9186790Z "Install Android SDK Platform 33 (revision: 3)" finished.
2026-01-07T13:56:48.2175777Z > Task :app:preBuild UP-TO-DATE
2026-01-07T13:56:48.2176381Z > Task :app:preDebugBuild UP-TO-DATE
2026-01-07T13:56:48.2179348Z > Task :app:mergeDebugNativeDebugMetadata NO-SOURCE
2026-01-07T13:56:48.3154461Z > Task :app:generateDebugBuildConfig
2026-01-07T13:56:48.7198321Z > Task :app:generateDebugResValues
2026-01-07T13:56:48.8159782Z > Task :app:checkDebugAarMetadata
2026-01-07T13:56:48.8160451Z > Task :app:mapDebugSourceSetPaths
2026-01-07T13:56:48.8160943Z > Task :app:generateDebugResources
2026-01-07T13:56:50.2152335Z > Task :app:packageDebugResources
2026-01-07T13:56:50.3154497Z > Task :app:createDebugCompatibleScreenManifests
2026-01-07T13:56:50.3159272Z > Task :app:extractDeepLinksDebug
2026-01-07T13:56:51.1157217Z > Task :app:parseDebugLocalResources
2026-01-07T13:56:51.2151277Z > Task :app:processDebugMainManifest
2026-01-07T13:56:51.4158117Z > Task :app:processDebugManifest
2026-01-07T13:56:51.4163415Z > Task :app:javaPreCompileDebug
2026-01-07T13:56:51.4169712Z > Task :app:mergeDebugShaders
2026-01-07T13:56:51.4172398Z > Task :app:mergeDebugResources
2026-01-07T13:56:51.5161365Z > Task :app:compileDebugShaders NO-SOURCE
2026-01-07T13:56:51.5192165Z > Task :app:generateDebugAssets UP-TO-DATE
2026-01-07T13:56:51.5192989Z > Task :app:mergeDebugAssets
2026-01-07T13:56:51.5193770Z > Task :app:compressDebugAssets
2026-01-07T13:56:51.5194389Z > Task :app:desugarDebugFileDependencies
2026-01-07T13:56:51.5195084Z > Task :app:processDebugJavaRes NO-SOURCE
2026-01-07T13:56:51.7152007Z > Task :app:mergeDebugJniLibFolders
2026-01-07T13:56:51.7158331Z > Task :app:checkDebugDuplicateClasses
2026-01-07T13:56:51.7165358Z > Task :app:mergeDebugNativeLibs NO-SOURCE
2026-01-07T13:56:51.8171599Z > Task :app:processDebugManifestForPackage
2026-01-07T13:56:52.2158118Z > Task :app:stripDebugDebugSymbols NO-SOURCE
2026-01-07T13:56:52.2162353Z > Task :app:mergeLibDexDebug
2026-01-07T13:56:53.5153751Z > Task :app:validateSigningDebug
2026-01-07T13:56:53.5157857Z > Task :app:writeDebugAppMetadata
2026-01-07T13:56:53.6180189Z > Task :app:writeDebugSigningConfigVersions
2026-01-07T13:56:53.7151637Z > Task :app:processDebugResources
2026-01-07T13:56:58.4168717Z > Task :app:mergeExtDexDebug
2026-01-07T13:57:03.3156440Z 
2026-01-07T13:57:03.3157028Z > Task :app:compileDebugKotlin FAILED
2026-01-07T13:57:03.3201008Z e: file:///home/runner/work/GenAIAgent/GenAIAgent/app/src/main/java/com/genai/app/MainActivity.kt:2:19 Conflicting import, imported name 'Bundle' is ambiguous
2026-01-07T13:57:03.3238700Z e: file:///home/runner/work/GenAIAgent/GenAIAgent/app/src/main/java/com/genai/app/MainActivity.kt:3:21 Conflicting import, imported name 'MenuItem' is ambiguous
2026-01-07T13:57:03.3249041Z e: file:///home/runner/work/GenAIAgent/GenAIAgent/app/src/main/java/com/genai/app/MainActivity.kt:4:23 Conflicting import, imported name 'EditText' is ambiguous
2026-01-07T13:57:03.3251305Z e: file:///home/runner/work/GenAIAgent/GenAIAgent/app/src/main/java/com/genai/app/MainActivity.kt:5:23 Conflicting import, imported name 'ImageView' is ambiguous
2026-01-07T13:57:03.3253429Z e: file:///home/runner/work/GenAIAgent/GenAIAgent/app/src/main/java/com/genai/app/MainActivity.kt:6:23 Conflicting import, imported name 'TextView' is ambiguous
2026-01-07T13:57:03.3255532Z e: file:///home/runner/work/GenAIAgent/GenAIAgent/app/src/main/java/com/genai/app/MainActivity.kt:7:23 Conflicting import, imported name 'Toast' is ambiguous
2026-01-07T13:57:03.3258359Z e: file:///home/runner/work/GenAIAgent/GenAIAgent/app/src/main/java/com/genai/app/MainActivity.kt:8:31 Conflicting import, imported name 'ActionBarDrawerToggle' is ambiguous
2026-01-07T13:57:03.3260672Z e: file:///home/runner/work/GenAIAgent/GenAIAgent/app/src/main/java/com/genai/app/MainActivity.kt:9:31 Conflicting import, imported name 'AppCompatActivity' is ambiguous
2026-01-07T13:57:03.3262954Z e: file:///home/runner/work/GenAIAgent/GenAIAgent/app/src/main/java/com/genai/app/MainActivity.kt:10:27 Conflicting import, imported name 'GravityCompat' is ambiguous
2026-01-07T13:57:03.3265195Z e: file:///home/runner/work/GenAIAgent/GenAIAgent/app/src/main/java/com/genai/app/MainActivity.kt:11:37 Conflicting import, imported name 'DrawerLayout' is ambiguous
2026-01-07T13:57:03.3267661Z e: file:///home/runner/work/GenAIAgent/GenAIAgent/app/src/main/java/com/genai/app/MainActivity.kt:12:37 Conflicting import, imported name 'LinearLayoutManager' is ambiguous
2026-01-07T13:57:03.3269970Z e: file:///home/runner/work/GenAIAgent/GenAIAgent/app/src/main/java/com/genai/app/MainActivity.kt:13:37 Conflicting import, imported name 'RecyclerView' is ambiguous
2026-01-07T13:57:03.3272178Z e: file:///home/runner/work/GenAIAgent/GenAIAgent/app/src/main/java/com/genai/app/MainActivity.kt:14:27 Conflicting import, imported name 'Message' is ambiguous
2026-01-07T13:57:03.3274385Z e: file:///home/runner/work/GenAIAgent/GenAIAgent/app/src/main/java/com/genai/app/MainActivity.kt:15:27 Conflicting import, imported name 'OpenAIClient' is ambiguous
2026-01-07T13:57:03.3276689Z e: file:///home/runner/work/GenAIAgent/GenAIAgent/app/src/main/java/com/genai/app/MainActivity.kt:16:57 Conflicting import, imported name 'FloatingActionButton' is ambiguous
2026-01-07T13:57:03.3278982Z e: file:///home/runner/work/GenAIAgent/GenAIAgent/app/src/main/java/com/genai/app/MainActivity.kt:17:47 Conflicting import, imported name 'NavigationView' is ambiguous
2026-01-07T13:57:03.3281140Z e: file:///home/runner/work/GenAIAgent/GenAIAgent/app/src/main/java/com/genai/app/MainActivity.kt:18:27 Conflicting import, imported name 'CoroutineScope' is ambiguous
2026-01-07T13:57:03.3283277Z e: file:///home/runner/work/GenAIAgent/GenAIAgent/app/src/main/java/com/genai/app/MainActivity.kt:19:27 Conflicting import, imported name 'Dispatchers' is ambiguous
2026-01-07T13:57:03.3285689Z e: file:///home/runner/work/GenAIAgent/GenAIAgent/app/src/main/java/com/genai/app/MainActivity.kt:23:16 Conflicting import, imported name 'OkHttpClient' is ambiguous
2026-01-07T13:57:03.3287943Z e: file:///home/runner/work/GenAIAgent/GenAIAgent/app/src/main/java/com/genai/app/MainActivity.kt:24:16 Conflicting import, imported name 'Request' is ambiguous
2026-01-07T13:57:03.3290001Z e: file:///home/runner/work/GenAIAgent/GenAIAgent/app/src/main/java/com/genai/app/MainActivity.kt:26:17 Conflicting import, imported name 'JSONArray' is ambiguous
2026-01-07T13:57:03.3292094Z e: file:///home/runner/work/GenAIAgent/GenAIAgent/app/src/main/java/com/genai/app/MainActivity.kt:27:17 Conflicting import, imported name 'JSONObject' is ambiguous
2026-01-07T13:57:03.3294144Z e: file:///home/runner/work/GenAIAgent/GenAIAgent/app/src/main/java/com/genai/app/MainActivity.kt:31:19 Conflicting import, imported name 'Bundle' is ambiguous
2026-01-07T13:57:03.3296221Z e: file:///home/runner/work/GenAIAgent/GenAIAgent/app/src/main/java/com/genai/app/MainActivity.kt:33:21 Conflicting import, imported name 'MenuItem' is ambiguous
2026-01-07T13:57:03.3298487Z e: file:///home/runner/work/GenAIAgent/GenAIAgent/app/src/main/java/com/genai/app/MainActivity.kt:34:23 Conflicting import, imported name 'EditText' is ambiguous
2026-01-07T13:57:03.3300478Z e: file:///home/runner/work/GenAIAgent/GenAIAgent/app/src/main/java/com/genai/app/MainActivity.kt:35:23 Conflicting import, imported name 'ImageView' is ambiguous
2026-01-07T13:57:03.3302475Z e: file:///home/runner/work/GenAIAgent/GenAIAgent/app/src/main/java/com/genai/app/MainActivity.kt:36:23 Conflicting import, imported name 'TextView' is ambiguous
2026-01-07T13:57:03.3304694Z e: file:///home/runner/work/GenAIAgent/GenAIAgent/app/src/main/java/com/genai/app/MainActivity.kt:37:23 Conflicting import, imported name 'Toast' is ambiguous
2026-01-07T13:57:03.3306785Z e: file:///home/runner/work/GenAIAgent/GenAIAgent/app/src/main/java/com/genai/app/MainActivity.kt:38:31 Conflicting import, imported name 'ActionBarDrawerToggle' is ambiguous
2026-01-07T13:57:03.3309221Z e: file:///home/runner/work/GenAIAgent/GenAIAgent/app/src/main/java/com/genai/app/MainActivity.kt:39:31 Conflicting import, imported name 'AppCompatActivity' is ambiguous
2026-01-07T13:57:03.3311337Z e: file:///home/runner/work/GenAIAgent/GenAIAgent/app/src/main/java/com/genai/app/MainActivity.kt:40:27 Conflicting import, imported name 'GravityCompat' is ambiguous
2026-01-07T13:57:03.3313384Z e: file:///home/runner/work/GenAIAgent/GenAIAgent/app/src/main/java/com/genai/app/MainActivity.kt:41:37 Conflicting import, imported name 'DrawerLayout' is ambiguous
2026-01-07T13:57:03.3315508Z e: file:///home/runner/work/GenAIAgent/GenAIAgent/app/src/main/java/com/genai/app/MainActivity.kt:42:37 Conflicting import, imported name 'LinearLayoutManager' is ambiguous
2026-01-07T13:57:03.3317792Z e: file:///home/runner/work/GenAIAgent/GenAIAgent/app/src/main/java/com/genai/app/MainActivity.kt:43:37 Conflicting import, imported name 'RecyclerView' is ambiguous
2026-01-07T13:57:03.3319822Z e: file:///home/runner/work/GenAIAgent/GenAIAgent/app/src/main/java/com/genai/app/MainActivity.kt:44:27 Conflicting import, imported name 'Message' is ambiguous
2026-01-07T13:57:03.3321919Z e: file:///home/runner/work/GenAIAgent/GenAIAgent/app/src/main/java/com/genai/app/MainActivity.kt:45:27 Conflicting import, imported name 'OpenAIClient' is ambiguous
2026-01-07T13:57:03.3324026Z e: file:///home/runner/work/GenAIAgent/GenAIAgent/app/src/main/java/com/genai/app/MainActivity.kt:46:57 Conflicting import, imported name 'FloatingActionButton' is ambiguous
2026-01-07T13:57:03.3326203Z e: file:///home/runner/work/GenAIAgent/GenAIAgent/app/src/main/java/com/genai/app/MainActivity.kt:47:47 Conflicting import, imported name 'NavigationView' is ambiguous
2026-01-07T13:57:03.3328461Z e: file:///home/runner/work/GenAIAgent/GenAIAgent/app/src/main/java/com/genai/app/MainActivity.kt:48:27 Conflicting import, imported name 'CoroutineScope' is ambiguous
2026-01-07T13:57:03.3330878Z e: file:///home/runner/work/GenAIAgent/GenAIAgent/app/src/main/java/com/genai/app/MainActivity.kt:49:27 Conflicting import, imported name 'Dispatchers' is ambiguous
2026-01-07T13:57:03.3332933Z e: file:///home/runner/work/GenAIAgent/GenAIAgent/app/src/main/java/com/genai/app/MainActivity.kt:53:16 Conflicting import, imported name 'OkHttpClient' is ambiguous
2026-01-07T13:57:03.3335002Z e: file:///home/runner/work/GenAIAgent/GenAIAgent/app/src/main/java/com/genai/app/MainActivity.kt:54:16 Conflicting import, imported name 'Request' is ambiguous
2026-01-07T13:57:03.3337025Z e: file:///home/runner/work/GenAIAgent/GenAIAgent/app/src/main/java/com/genai/app/MainActivity.kt:56:17 Conflicting import, imported name 'JSONArray' is ambiguous
2026-01-07T13:57:03.3339206Z e: file:///home/runner/work/GenAIAgent/GenAIAgent/app/src/main/java/com/genai/app/MainActivity.kt:57:17 Conflicting import, imported name 'JSONObject' is ambiguous
2026-01-07T13:57:03.3341076Z e: file:///home/runner/work/GenAIAgent/GenAIAgent/app/src/main/java/com/genai/app/MainActivity.kt:210:32 Unresolved reference: prefs
2026-01-07T13:57:03.3342752Z e: file:///home/runner/work/GenAIAgent/GenAIAgent/app/src/main/java/com/genai/app/MainActivity.kt:211:17 Unresolved reference: prefs
2026-01-07T13:57:03.3344454Z e: file:///home/runner/work/GenAIAgent/GenAIAgent/app/src/main/java/com/genai/app/MainActivity.kt:216:34 Unresolved reference: prefs
2026-01-07T13:57:03.3346135Z e: file:///home/runner/work/GenAIAgent/GenAIAgent/app/src/main/java/com/genai/app/MainActivity.kt:217:17 Unresolved reference: prefs
2026-01-07T13:57:03.3348272Z e: file:///home/runner/work/GenAIAgent/GenAIAgent/app/src/main/java/com/genai/app/MainActivity.kt:300:58 Overload resolution ambiguity: 
2026-01-07T13:57:03.3349644Z public final fun String.toMediaType(): MediaType defined in okhttp3.MediaType.Companion
2026-01-07T13:57:03.3350648Z public final fun String.toMediaType(): MediaType defined in okhttp3.MediaType.Companion
2026-01-07T13:57:03.3352005Z e: file:///home/runner/work/GenAIAgent/GenAIAgent/app/src/main/java/com/genai/app/SettingsActivity.kt:41:21 Unresolved reference: prefs
2026-01-07T13:57:03.3353765Z e: file:///home/runner/work/GenAIAgent/GenAIAgent/app/src/main/java/com/genai/app/SettingsActivity.kt:48:78 Unresolved reference: prefs
2026-01-07T13:57:03.3355507Z e: file:///home/runner/work/GenAIAgent/GenAIAgent/app/src/main/java/com/genai/app/SettingsActivity.kt:52:38 Unresolved reference: prefs
2026-01-07T13:57:03.3357231Z e: file:///home/runner/work/GenAIAgent/GenAIAgent/app/src/main/java/com/genai/app/SettingsActivity.kt:54:13 Unresolved reference: prefs
2026-01-07T13:57:03.3359133Z e: file:///home/runner/work/GenAIAgent/GenAIAgent/app/src/main/java/com/genai/app/SettingsActivity.kt:71:21 Unresolved reference: prefs
2026-01-07T13:57:03.3360876Z e: file:///home/runner/work/GenAIAgent/GenAIAgent/app/src/main/java/com/genai/app/SettingsActivity.kt:78:29 Unresolved reference: prefs
2026-01-07T13:57:03.3362627Z e: file:///home/runner/work/GenAIAgent/GenAIAgent/app/src/main/java/com/genai/app/SettingsActivity.kt:79:13 Unresolved reference: prefs
2026-01-07T13:57:03.3363587Z 
2026-01-07T13:57:03.3363778Z FAILURE: Build failed with an exception.
2026-01-07T13:57:03.3364086Z 
2026-01-07T13:57:03.3364233Z * What went wrong:
2026-01-07T13:57:03.3364658Z Execution failed for task ':app:compileDebugKotlin'.
2026-01-07T13:57:03.3365864Z > A failure occurred while executing org.jetbrains.kotlin.compilerRunner.GradleCompilerRunnerWithWorkers$GradleKotlinCompilerWorkAction
2026-01-07T13:57:03.3366972Z    > Compilation error. See log for more details
2026-01-07T13:57:03.3367322Z 
2026-01-07T13:57:03.3367594Z * Try:
2026-01-07T13:57:03.3368014Z > Run with --info or --debug option to get more log output.
2026-01-07T13:57:03.3368565Z > Run with --scan to get full insights.
2026-01-07T13:57:03.3369032Z 
2026-01-07T13:57:03.3369168Z * Exception is:
2026-01-07T13:57:03.3369894Z org.gradle.api.tasks.TaskExecutionException: Execution failed for task ':app:compileDebugKotlin'.
2026-01-07T13:57:03.3371566Z 	at org.gradle.api.internal.tasks.execution.ExecuteActionsTaskExecuter.lambda$executeIfValid$1(ExecuteActionsTaskExecuter.java:149)
2026-01-07T13:57:03.3372783Z 	at org.gradle.internal.Try$Failure.ifSuccessfulOrElse(Try.java:282)
2026-01-07T13:57:03.3373968Z 	at org.gradle.api.internal.tasks.execution.ExecuteActionsTaskExecuter.executeIfValid(ExecuteActionsTaskExecuter.java:147)
2026-01-07T13:57:03.3375530Z 	at org.gradle.api.internal.tasks.execution.ExecuteActionsTaskExecuter.execute(ExecuteActionsTaskExecuter.java:135)
2026-01-07T13:57:03.3377069Z 	at org.gradle.api.internal.tasks.execution.FinalizePropertiesTaskExecuter.execute(FinalizePropertiesTaskExecuter.java:46)
2026-01-07T13:57:03.3378946Z 	at org.gradle.api.internal.tasks.execution.ResolveTaskExecutionModeExecuter.execute(ResolveTaskExecutionModeExecuter.java:51)
2026-01-07T13:57:03.3380687Z 	at org.gradle.api.internal.tasks.execution.SkipTaskWithNoActionsExecuter.execute(SkipTaskWithNoActionsExecuter.java:57)
2026-01-07T13:57:03.3382261Z 	at org.gradle.api.internal.tasks.execution.SkipOnlyIfTaskExecuter.execute(SkipOnlyIfTaskExecuter.java:74)
2026-01-07T13:57:03.3383803Z 	at org.gradle.api.internal.tasks.execution.CatchExceptionTaskExecuter.execute(CatchExceptionTaskExecuter.java:36)
2026-01-07T13:57:03.3385360Z 	at org.gradle.api.internal.tasks.execution.EventFiringTaskExecuter$1.executeTask(EventFiringTaskExecuter.java:77)
2026-01-07T13:57:03.3386767Z 	at org.gradle.api.internal.tasks.execution.EventFiringTaskExecuter$1.call(EventFiringTaskExecuter.java:55)
2026-01-07T13:57:03.3388346Z 	at org.gradle.api.internal.tasks.execution.EventFiringTaskExecuter$1.call(EventFiringTaskExecuter.java:52)
2026-01-07T13:57:03.3390279Z 	at org.gradle.internal.operations.DefaultBuildOperationRunner$CallableBuildOperationWorker.execute(DefaultBuildOperationRunner.java:204)
2026-01-07T13:57:03.3392176Z 	at org.gradle.internal.operations.DefaultBuildOperationRunner$CallableBuildOperationWorker.execute(DefaultBuildOperationRunner.java:199)
2026-01-07T13:57:03.3393790Z 	at org.gradle.internal.operations.DefaultBuildOperationRunner$2.execute(DefaultBuildOperationRunner.java:66)
2026-01-07T13:57:03.3395189Z 	at org.gradle.internal.operations.DefaultBuildOperationRunner$2.execute(DefaultBuildOperationRunner.java:59)
2026-01-07T13:57:03.3396607Z 	at org.gradle.internal.operations.DefaultBuildOperationRunner.execute(DefaultBuildOperationRunner.java:157)
2026-01-07T13:57:03.3398234Z 	at org.gradle.internal.operations.DefaultBuildOperationRunner.execute(DefaultBuildOperationRunner.java:59)
2026-01-07T13:57:03.3399613Z 	at org.gradle.internal.operations.DefaultBuildOperationRunner.call(DefaultBuildOperationRunner.java:53)
2026-01-07T13:57:03.3401018Z 	at org.gradle.internal.operations.DefaultBuildOperationExecutor.call(DefaultBuildOperationExecutor.java:73)
2026-01-07T13:57:03.3402399Z 	at org.gradle.api.internal.tasks.execution.EventFiringTaskExecuter.execute(EventFiringTaskExecuter.java:52)
2026-01-07T13:57:03.3403639Z 	at org.gradle.execution.plan.LocalTaskNodeExecutor.execute(LocalTaskNodeExecutor.java:42)
2026-01-07T13:57:03.3405050Z 	at org.gradle.execution.taskgraph.DefaultTaskExecutionGraph$InvokeNodeExecutorsAction.execute(DefaultTaskExecutionGraph.java:338)
2026-01-07T13:57:03.3406757Z 	at org.gradle.execution.taskgraph.DefaultTaskExecutionGraph$InvokeNodeExecutorsAction.execute(DefaultTaskExecutionGraph.java:325)
2026-01-07T13:57:03.3408688Z 	at org.gradle.execution.taskgraph.DefaultTaskExecutionGraph$BuildOperationAwareExecutionAction.execute(DefaultTaskExecutionGraph.java:318)
2026-01-07T13:57:03.3410534Z 	at org.gradle.execution.taskgraph.DefaultTaskExecutionGraph$BuildOperationAwareExecutionAction.execute(DefaultTaskExecutionGraph.java:304)
2026-01-07T13:57:03.3412105Z 	at org.gradle.execution.plan.DefaultPlanExecutor$ExecutorWorker.execute(DefaultPlanExecutor.java:463)
2026-01-07T13:57:03.3413328Z 	at org.gradle.execution.plan.DefaultPlanExecutor$ExecutorWorker.run(DefaultPlanExecutor.java:380)
2026-01-07T13:57:03.3414604Z 	at org.gradle.internal.concurrent.ExecutorPolicy$CatchAndRecordFailures.onExecute(ExecutorPolicy.java:64)
2026-01-07T13:57:03.3416076Z 	at org.gradle.internal.concurrent.ManagedExecutorImpl$1.run(ManagedExecutorImpl.java:49)
2026-01-07T13:57:03.3418189Z Caused by: org.gradle.workers.internal.DefaultWorkerExecutor$WorkExecutionException: A failure occurred while executing org.jetbrains.kotlin.compilerRunner.GradleCompilerRunnerWithWorkers$GradleKotlinCompilerWorkAction
2026-01-07T13:57:03.3420377Z 	at org.gradle.workers.internal.DefaultWorkerExecutor$WorkItemExecution.waitForCompletion(DefaultWorkerExecutor.java:283)
2026-01-07T13:57:03.3421965Z 	at org.gradle.internal.work.DefaultAsyncWorkTracker.lambda$waitForItemsAndGatherFailures$2(DefaultAsyncWorkTracker.java:130)
2026-01-07T13:57:03.3423123Z 	at org.gradle.internal.Factories$1.create(Factories.java:31)
2026-01-07T13:57:03.3424126Z 	at org.gradle.internal.work.DefaultWorkerLeaseService.withoutLocks(DefaultWorkerLeaseService.java:321)
2026-01-07T13:57:03.3425440Z 	at org.gradle.internal.work.DefaultWorkerLeaseService.withoutLocks(DefaultWorkerLeaseService.java:304)
2026-01-07T13:57:03.3426784Z 	at org.gradle.internal.work.DefaultWorkerLeaseService.withoutLock(DefaultWorkerLeaseService.java:309)
2026-01-07T13:57:03.3428390Z 	at org.gradle.internal.work.DefaultAsyncWorkTracker.waitForItemsAndGatherFailures(DefaultAsyncWorkTracker.java:126)
2026-01-07T13:57:03.3429961Z 	at org.gradle.internal.work.DefaultAsyncWorkTracker.waitForItemsAndGatherFailures(DefaultAsyncWorkTracker.java:92)
2026-01-07T13:57:03.3431342Z 	at org.gradle.internal.work.DefaultAsyncWorkTracker.waitForAll(DefaultAsyncWorkTracker.java:78)
2026-01-07T13:57:03.3432901Z 	at org.gradle.internal.work.DefaultAsyncWorkTracker.waitForCompletion(DefaultAsyncWorkTracker.java:66)
2026-01-07T13:57:03.3434102Z 	at org.gradle.api.internal.tasks.execution.TaskExecution$3.run(TaskExecution.java:250)
2026-01-07T13:57:03.3435355Z 	at org.gradle.internal.operations.DefaultBuildOperationRunner$1.execute(DefaultBuildOperationRunner.java:29)
2026-01-07T13:57:03.3436783Z 	at org.gradle.internal.operations.DefaultBuildOperationRunner$1.execute(DefaultBuildOperationRunner.java:26)
2026-01-07T13:57:03.3438441Z 	at org.gradle.internal.operations.DefaultBuildOperationRunner$2.execute(DefaultBuildOperationRunner.java:66)
2026-01-07T13:57:03.3439804Z 	at org.gradle.internal.operations.DefaultBuildOperationRunner$2.execute(DefaultBuildOperationRunner.java:59)
2026-01-07T13:57:03.3441220Z 	at org.gradle.internal.operations.DefaultBuildOperationRunner.execute(DefaultBuildOperationRunner.java:157)
2026-01-07T13:57:03.3442637Z 	at org.gradle.internal.operations.DefaultBuildOperationRunner.execute(DefaultBuildOperationRunner.java:59)
2026-01-07T13:57:03.3444010Z 	at org.gradle.internal.operations.DefaultBuildOperationRunner.run(DefaultBuildOperationRunner.java:47)
2026-01-07T13:57:03.3445389Z 	at org.gradle.internal.operations.DefaultBuildOperationExecutor.run(DefaultBuildOperationExecutor.java:68)
2026-01-07T13:57:03.3446669Z 	at org.gradle.api.internal.tasks.execution.TaskExecution.executeAction(TaskExecution.java:227)
2026-01-07T13:57:03.3448116Z 	at org.gradle.api.internal.tasks.execution.TaskExecution.executeActions(TaskExecution.java:210)
2026-01-07T13:57:03.3449463Z 	at org.gradle.api.internal.tasks.execution.TaskExecution.executeWithPreviousOutputFiles(TaskExecution.java:193)
2026-01-07T13:57:03.3450776Z 	at org.gradle.api.internal.tasks.execution.TaskExecution.execute(TaskExecution.java:166)
2026-01-07T13:57:03.3451882Z 	at org.gradle.internal.execution.steps.ExecuteStep.executeInternal(ExecuteStep.java:93)
2026-01-07T13:57:03.3452947Z 	at org.gradle.internal.execution.steps.ExecuteStep.access$000(ExecuteStep.java:44)
2026-01-07T13:57:03.3453916Z 	at org.gradle.internal.execution.steps.ExecuteStep$1.call(ExecuteStep.java:57)
2026-01-07T13:57:03.3454839Z 	at org.gradle.internal.execution.steps.ExecuteStep$1.call(ExecuteStep.java:54)
2026-01-07T13:57:03.3456205Z 	at org.gradle.internal.operations.DefaultBuildOperationRunner$CallableBuildOperationWorker.execute(DefaultBuildOperationRunner.java:204)
2026-01-07T13:57:03.3458451Z 	at org.gradle.internal.operations.DefaultBuildOperationRunner$CallableBuildOperationWorker.execute(DefaultBuildOperationRunner.java:199)
2026-01-07T13:57:03.3460042Z 	at org.gradle.internal.operations.DefaultBuildOperationRunner$2.execute(DefaultBuildOperationRunner.java:66)
2026-01-07T13:57:03.3461411Z 	at org.gradle.internal.operations.DefaultBuildOperationRunner$2.execute(DefaultBuildOperationRunner.java:59)
2026-01-07T13:57:03.3462741Z 	at org.gradle.internal.operations.DefaultBuildOperationRunner.execute(DefaultBuildOperationRunner.java:157)
2026-01-07T13:57:03.3464153Z 	at org.gradle.internal.operations.DefaultBuildOperationRunner.execute(DefaultBuildOperationRunner.java:59)
2026-01-07T13:57:03.3465533Z 	at org.gradle.internal.operations.DefaultBuildOperationRunner.call(DefaultBuildOperationRunner.java:53)
2026-01-07T13:57:03.3466917Z 	at org.gradle.internal.operations.DefaultBuildOperationExecutor.call(DefaultBuildOperationExecutor.java:73)
2026-01-07T13:57:03.3468335Z 	at org.gradle.internal.execution.steps.ExecuteStep.execute(ExecuteStep.java:54)
2026-01-07T13:57:03.3469308Z 	at org.gradle.internal.execution.steps.ExecuteStep.execute(ExecuteStep.java:44)
2026-01-07T13:57:03.3470492Z 	at org.gradle.internal.execution.steps.RemovePreviousOutputsStep.execute(RemovePreviousOutputsStep.java:67)
2026-01-07T13:57:03.3471883Z 	at org.gradle.internal.execution.steps.RemovePreviousOutputsStep.execute(RemovePreviousOutputsStep.java:37)
2026-01-07T13:57:03.3473191Z 	at org.gradle.internal.execution.steps.CancelExecutionStep.execute(CancelExecutionStep.java:41)
2026-01-07T13:57:03.3474630Z 	at org.gradle.internal.execution.steps.TimeoutStep.executeWithoutTimeout(TimeoutStep.java:74)
2026-01-07T13:57:03.3475718Z 	at org.gradle.internal.execution.steps.TimeoutStep.execute(TimeoutStep.java:55)
2026-01-07T13:57:03.3476761Z 	at org.gradle.internal.execution.steps.CreateOutputsStep.execute(CreateOutputsStep.java:50)
2026-01-07T13:57:03.3503064Z 	at org.gradle.internal.execution.steps.CreateOutputsStep.execute(CreateOutputsStep.java:28)
2026-01-07T13:57:03.3504751Z 	at org.gradle.internal.execution.steps.CaptureStateAfterExecutionStep.executeDelegateBroadcastingChanges(CaptureStateAfterExecutionStep.java:100)
2026-01-07T13:57:03.3506560Z 	at org.gradle.internal.execution.steps.CaptureStateAfterExecutionStep.execute(CaptureStateAfterExecutionStep.java:72)
2026-01-07T13:57:03.3508327Z 	at org.gradle.internal.execution.steps.CaptureStateAfterExecutionStep.execute(CaptureStateAfterExecutionStep.java:50)
2026-01-07T13:57:03.3509778Z 	at org.gradle.internal.execution.steps.ResolveInputChangesStep.execute(ResolveInputChangesStep.java:40)
2026-01-07T13:57:03.3510692Z 26 actionable tasks: 26 executed
2026-01-07T13:57:03.3514962Z 	at org.gradle.internal.execution.steps.ResolveInputChangesStep.execute(ResolveInputChangesStep.java:29)
2026-01-07T13:57:03.3517616Z 	at org.gradle.internal.execution.steps.BuildCacheStep.executeWithoutCache(BuildCacheStep.java:166)
2026-01-07T13:57:03.3518896Z 	at org.gradle.internal.execution.steps.BuildCacheStep.lambda$execute$1(BuildCacheStep.java:70)
2026-01-07T13:57:03.3519839Z 	at org.gradle.internal.Either$Right.fold(Either.java:175)
2026-01-07T13:57:03.3520661Z 	at org.gradle.internal.execution.caching.CachingState.fold(CachingState.java:59)
2026-01-07T13:57:03.3521681Z 	at org.gradle.internal.execution.steps.BuildCacheStep.execute(BuildCacheStep.java:68)
2026-01-07T13:57:03.3522723Z 	at org.gradle.internal.execution.steps.BuildCacheStep.execute(BuildCacheStep.java:46)
2026-01-07T13:57:03.3523907Z 	at org.gradle.internal.execution.steps.StoreExecutionStateStep.execute(StoreExecutionStateStep.java:36)
2026-01-07T13:57:03.3525247Z 	at org.gradle.internal.execution.steps.StoreExecutionStateStep.execute(StoreExecutionStateStep.java:25)
2026-01-07T13:57:03.3526480Z 	at org.gradle.internal.execution.steps.RecordOutputsStep.execute(RecordOutputsStep.java:36)
2026-01-07T13:57:03.3527811Z 	at org.gradle.internal.execution.steps.RecordOutputsStep.execute(RecordOutputsStep.java:22)
2026-01-07T13:57:03.3529310Z 	at org.gradle.internal.execution.steps.SkipUpToDateStep.executeBecause(SkipUpToDateStep.java:91)
2026-01-07T13:57:03.3530547Z 	at org.gradle.internal.execution.steps.SkipUpToDateStep.lambda$execute$2(SkipUpToDateStep.java:55)
2026-01-07T13:57:03.3531679Z 	at org.gradle.internal.execution.steps.SkipUpToDateStep.execute(SkipUpToDateStep.java:55)
2026-01-07T13:57:03.3532728Z 	at org.gradle.internal.execution.steps.SkipUpToDateStep.execute(SkipUpToDateStep.java:37)
2026-01-07T13:57:03.3533805Z 	at org.gradle.internal.execution.steps.ResolveChangesStep.execute(ResolveChangesStep.java:65)
2026-01-07T13:57:03.3534881Z 	at org.gradle.internal.execution.steps.ResolveChangesStep.execute(ResolveChangesStep.java:36)
2026-01-07T13:57:03.3536198Z 	at org.gradle.internal.execution.steps.legacy.MarkSnapshottingInputsFinishedStep.execute(MarkSnapshottingInputsFinishedStep.java:37)
2026-01-07T13:57:03.3538043Z 	at org.gradle.internal.execution.steps.legacy.MarkSnapshottingInputsFinishedStep.execute(MarkSnapshottingInputsFinishedStep.java:27)
2026-01-07T13:57:03.3539487Z 	at org.gradle.internal.execution.steps.ResolveCachingStateStep.execute(ResolveCachingStateStep.java:76)
2026-01-07T13:57:03.3540682Z 	at org.gradle.internal.execution.steps.ResolveCachingStateStep.execute(ResolveCachingStateStep.java:37)
2026-01-07T13:57:03.3541802Z 	at org.gradle.internal.execution.steps.ValidateStep.execute(ValidateStep.java:94)
2026-01-07T13:57:03.3542821Z 	at org.gradle.internal.execution.steps.ValidateStep.execute(ValidateStep.java:49)
2026-01-07T13:57:03.3546774Z 	at org.gradle.internal.execution.steps.CaptureStateBeforeExecutionStep.execute(CaptureStateBeforeExecutionStep.java:71)
2026-01-07T13:57:03.3548677Z 	at org.gradle.internal.execution.steps.CaptureStateBeforeExecutionStep.execute(CaptureStateBeforeExecutionStep.java:45)
2026-01-07T13:57:03.3550186Z 	at org.gradle.internal.execution.steps.SkipEmptyWorkStep.executeWithNonEmptySources(SkipEmptyWorkStep.java:177)
2026-01-07T13:57:03.3551450Z 	at org.gradle.internal.execution.steps.SkipEmptyWorkStep.execute(SkipEmptyWorkStep.java:86)
2026-01-07T13:57:03.3552573Z 	at org.gradle.internal.execution.steps.SkipEmptyWorkStep.execute(SkipEmptyWorkStep.java:53)
2026-01-07T13:57:03.3553868Z 	at org.gradle.internal.execution.steps.RemoveUntrackedExecutionStateStep.execute(RemoveUntrackedExecutionStateStep.java:32)
2026-01-07T13:57:03.3554829Z 	at org.gradle.internal.execution.steps.RemoveUntrackedExecutionStateStep.execute(RemoveUntrackedExecutionStateStep.java:21)
2026-01-07T13:57:03.3555786Z 	at org.gradle.internal.execution.steps.legacy.MarkSnapshottingInputsStartedStep.execute(MarkSnapshottingInputsStartedStep.java:38)
2026-01-07T13:57:03.3556712Z 	at org.gradle.internal.execution.steps.LoadPreviousExecutionStateStep.execute(LoadPreviousExecutionStateStep.java:36)
2026-01-07T13:57:03.3558294Z 	at org.gradle.internal.execution.steps.LoadPreviousExecutionStateStep.execute(LoadPreviousExecutionStateStep.java:23)
2026-01-07T13:57:03.3559181Z 	at org.gradle.internal.execution.steps.CleanupStaleOutputsStep.execute(CleanupStaleOutputsStep.java:75)
2026-01-07T13:57:03.3559933Z 	at org.gradle.internal.execution.steps.CleanupStaleOutputsStep.execute(CleanupStaleOutputsStep.java:41)
2026-01-07T13:57:03.3560667Z 	at org.gradle.internal.execution.steps.AssignWorkspaceStep.lambda$execute$0(AssignWorkspaceStep.java:32)
2026-01-07T13:57:03.3561355Z 	at org.gradle.api.internal.tasks.execution.TaskExecution$4.withWorkspace(TaskExecution.java:287)
2026-01-07T13:57:03.3562016Z 	at org.gradle.internal.execution.steps.AssignWorkspaceStep.execute(AssignWorkspaceStep.java:30)
2026-01-07T13:57:03.3562688Z 	at org.gradle.internal.execution.steps.AssignWorkspaceStep.execute(AssignWorkspaceStep.java:21)
2026-01-07T13:57:03.3563335Z 	at org.gradle.internal.execution.steps.IdentityCacheStep.execute(IdentityCacheStep.java:37)
2026-01-07T13:57:03.3563961Z 	at org.gradle.internal.execution.steps.IdentityCacheStep.execute(IdentityCacheStep.java:27)
2026-01-07T13:57:03.3565089Z 	at org.gradle.internal.execution.steps.IdentifyStep.execute(IdentifyStep.java:42)
2026-01-07T13:57:03.3565648Z 	at org.gradle.internal.execution.steps.IdentifyStep.execute(IdentifyStep.java:31)
2026-01-07T13:57:03.3566276Z 	at org.gradle.internal.execution.impl.DefaultExecutionEngine$1.execute(DefaultExecutionEngine.java:64)
2026-01-07T13:57:03.3567082Z 	at org.gradle.api.internal.tasks.execution.ExecuteActionsTaskExecuter.executeIfValid(ExecuteActionsTaskExecuter.java:146)
2026-01-07T13:57:03.3568227Z 	at org.gradle.api.internal.tasks.execution.ExecuteActionsTaskExecuter.execute(ExecuteActionsTaskExecuter.java:135)
2026-01-07T13:57:03.3569180Z 	at org.gradle.api.internal.tasks.execution.FinalizePropertiesTaskExecuter.execute(FinalizePropertiesTaskExecuter.java:46)
2026-01-07T13:57:03.3570083Z 	at org.gradle.api.internal.tasks.execution.ResolveTaskExecutionModeExecuter.execute(ResolveTaskExecutionModeExecuter.java:51)
2026-01-07T13:57:03.3570968Z 	at org.gradle.api.internal.tasks.execution.SkipTaskWithNoActionsExecuter.execute(SkipTaskWithNoActionsExecuter.java:57)
2026-01-07T13:57:03.3571777Z 	at org.gradle.api.internal.tasks.execution.SkipOnlyIfTaskExecuter.execute(SkipOnlyIfTaskExecuter.java:74)
2026-01-07T13:57:03.3572549Z 	at org.gradle.api.internal.tasks.execution.CatchExceptionTaskExecuter.execute(CatchExceptionTaskExecuter.java:36)
2026-01-07T13:57:03.3573338Z 	at org.gradle.api.internal.tasks.execution.EventFiringTaskExecuter$1.executeTask(EventFiringTaskExecuter.java:77)
2026-01-07T13:57:03.3574092Z 	at org.gradle.api.internal.tasks.execution.EventFiringTaskExecuter$1.call(EventFiringTaskExecuter.java:55)
2026-01-07T13:57:03.3574985Z 	at org.gradle.api.internal.tasks.execution.EventFiringTaskExecuter$1.call(EventFiringTaskExecuter.java:52)
2026-01-07T13:57:03.3575851Z 	at org.gradle.internal.operations.DefaultBuildOperationRunner$CallableBuildOperationWorker.execute(DefaultBuildOperationRunner.java:204)
2026-01-07T13:57:03.3576835Z 	at org.gradle.internal.operations.DefaultBuildOperationRunner$CallableBuildOperationWorker.execute(DefaultBuildOperationRunner.java:199)
2026-01-07T13:57:03.3578334Z 	at org.gradle.internal.operations.DefaultBuildOperationRunner$2.execute(DefaultBuildOperationRunner.java:66)
2026-01-07T13:57:03.3579142Z 	at org.gradle.internal.operations.DefaultBuildOperationRunner$2.execute(DefaultBuildOperationRunner.java:59)
2026-01-07T13:57:03.3579924Z 	at org.gradle.internal.operations.DefaultBuildOperationRunner.execute(DefaultBuildOperationRunner.java:157)
2026-01-07T13:57:03.3580706Z 	at org.gradle.internal.operations.DefaultBuildOperationRunner.execute(DefaultBuildOperationRunner.java:59)
2026-01-07T13:57:03.3581459Z 	at org.gradle.internal.operations.DefaultBuildOperationRunner.call(DefaultBuildOperationRunner.java:53)
2026-01-07T13:57:03.3582213Z 	at org.gradle.internal.operations.DefaultBuildOperationExecutor.call(DefaultBuildOperationExecutor.java:73)
2026-01-07T13:57:03.3582974Z 	at org.gradle.api.internal.tasks.execution.EventFiringTaskExecuter.execute(EventFiringTaskExecuter.java:52)
2026-01-07T13:57:03.3583679Z 	at org.gradle.execution.plan.LocalTaskNodeExecutor.execute(LocalTaskNodeExecutor.java:42)
2026-01-07T13:57:03.3584462Z 	at org.gradle.execution.taskgraph.DefaultTaskExecutionGraph$InvokeNodeExecutorsAction.execute(DefaultTaskExecutionGraph.java:338)
2026-01-07T13:57:03.3585380Z 	at org.gradle.execution.taskgraph.DefaultTaskExecutionGraph$InvokeNodeExecutorsAction.execute(DefaultTaskExecutionGraph.java:325)
2026-01-07T13:57:03.3586338Z 	at org.gradle.execution.taskgraph.DefaultTaskExecutionGraph$BuildOperationAwareExecutionAction.execute(DefaultTaskExecutionGraph.java:318)
2026-01-07T13:57:03.3587342Z 	at org.gradle.execution.taskgraph.DefaultTaskExecutionGraph$BuildOperationAwareExecutionAction.execute(DefaultTaskExecutionGraph.java:304)
2026-01-07T13:57:03.3588408Z 	at org.gradle.execution.plan.DefaultPlanExecutor$ExecutorWorker.execute(DefaultPlanExecutor.java:463)
2026-01-07T13:57:03.3589083Z 	at org.gradle.execution.plan.DefaultPlanExecutor$ExecutorWorker.run(DefaultPlanExecutor.java:380)
2026-01-07T13:57:03.3589942Z 	at org.gradle.internal.concurrent.ExecutorPolicy$CatchAndRecordFailures.onExecute(ExecutorPolicy.java:64)
2026-01-07T13:57:03.3590593Z 	at org.gradle.internal.concurrent.ManagedExecutorImpl$1.run(ManagedExecutorImpl.java:49)
2026-01-07T13:57:03.3591301Z Caused by: org.jetbrains.kotlin.gradle.tasks.CompilationErrorException: Compilation error. See log for more details
2026-01-07T13:57:03.3592058Z 	at org.jetbrains.kotlin.gradle.tasks.TasksUtilsKt.throwExceptionIfCompilationFailed(tasksUtils.kt:22)
2026-01-07T13:57:03.3592780Z 	at org.jetbrains.kotlin.compilerRunner.GradleKotlinCompilerWork.run(GradleKotlinCompilerWork.kt:138)
2026-01-07T13:57:03.3593694Z 	at org.jetbrains.kotlin.compilerRunner.GradleCompilerRunnerWithWorkers$GradleKotlinCompilerWorkAction.execute(GradleCompilerRunnerWithWorkers.kt:76)
2026-01-07T13:57:03.3594550Z 	at org.gradle.workers.internal.DefaultWorkerServer.execute(DefaultWorkerServer.java:63)
2026-01-07T13:57:03.3595195Z 	at org.gradle.workers.internal.NoIsolationWorkerFactory$1$1.create(NoIsolationWorkerFactory.java:66)
2026-01-07T13:57:03.3595880Z 	at org.gradle.workers.internal.NoIsolationWorkerFactory$1$1.create(NoIsolationWorkerFactory.java:62)
2026-01-07T13:57:03.3596568Z 	at org.gradle.internal.classloader.ClassLoaderUtils.executeInClassloader(ClassLoaderUtils.java:100)
2026-01-07T13:57:03.3597275Z 	at org.gradle.workers.internal.NoIsolationWorkerFactory$1.lambda$execute$0(NoIsolationWorkerFactory.java:62)
2026-01-07T13:57:03.3598107Z 	at org.gradle.workers.internal.AbstractWorker$1.call(AbstractWorker.java:44)
2026-01-07T13:57:03.3598748Z 	at org.gradle.workers.internal.AbstractWorker$1.call(AbstractWorker.java:41)
2026-01-07T13:57:03.3599487Z 	at org.gradle.internal.operations.DefaultBuildOperationRunner$CallableBuildOperationWorker.execute(DefaultBuildOperationRunner.java:204)
2026-01-07T13:57:03.3600469Z 	at org.gradle.internal.operations.DefaultBuildOperationRunner$CallableBuildOperationWorker.execute(DefaultBuildOperationRunner.java:199)
2026-01-07T13:57:03.3601339Z 	at org.gradle.internal.operations.DefaultBuildOperationRunner$2.execute(DefaultBuildOperationRunner.java:66)
2026-01-07T13:57:03.3602084Z 	at org.gradle.internal.operations.DefaultBuildOperationRunner$2.execute(DefaultBuildOperationRunner.java:59)
2026-01-07T13:57:03.3602836Z 	at org.gradle.internal.operations.DefaultBuildOperationRunner.execute(DefaultBuildOperationRunner.java:157)
2026-01-07T13:57:03.3603600Z 	at org.gradle.internal.operations.DefaultBuildOperationRunner.execute(DefaultBuildOperationRunner.java:59)
2026-01-07T13:57:03.3604363Z 	at org.gradle.internal.operations.DefaultBuildOperationRunner.call(DefaultBuildOperationRunner.java:53)
2026-01-07T13:57:03.3605112Z 	at org.gradle.internal.operations.DefaultBuildOperationExecutor.call(DefaultBuildOperationExecutor.java:73)
2026-01-07T13:57:03.3605844Z 	at org.gradle.workers.internal.AbstractWorker.executeWrappedInBuildOperation(AbstractWorker.java:41)
2026-01-07T13:57:03.3606535Z 	at org.gradle.workers.internal.NoIsolationWorkerFactory$1.execute(NoIsolationWorkerFactory.java:59)
2026-01-07T13:57:03.3607234Z 	at org.gradle.workers.internal.DefaultWorkerExecutor.lambda$submitWork$0(DefaultWorkerExecutor.java:169)
2026-01-07T13:57:03.3608195Z 	at org.gradle.internal.work.DefaultConditionalExecutionQueue$ExecutionRunner.runExecution(DefaultConditionalExecutionQueue.java:187)
2026-01-07T13:57:03.3609122Z 	at org.gradle.internal.work.DefaultConditionalExecutionQueue$ExecutionRunner.access$700(DefaultConditionalExecutionQueue.java:120)
2026-01-07T13:57:03.3610012Z 	at org.gradle.internal.work.DefaultConditionalExecutionQueue$ExecutionRunner$1.run(DefaultConditionalExecutionQueue.java:162)
2026-01-07T13:57:03.3610662Z 	at org.gradle.internal.Factories$1.create(Factories.java:31)
2026-01-07T13:57:03.3611204Z 	at org.gradle.internal.work.DefaultWorkerLeaseService.withLocks(DefaultWorkerLeaseService.java:249)
2026-01-07T13:57:03.3611928Z 	at org.gradle.internal.work.DefaultWorkerLeaseService.runAsWorkerThread(DefaultWorkerLeaseService.java:109)
2026-01-07T13:57:03.3612832Z 	at org.gradle.internal.work.DefaultWorkerLeaseService.runAsWorkerThread(DefaultWorkerLeaseService.java:114)
2026-01-07T13:57:03.3613664Z 	at org.gradle.internal.work.DefaultConditionalExecutionQueue$ExecutionRunner.runBatch(DefaultConditionalExecutionQueue.java:157)
2026-01-07T13:57:03.3614563Z 	at org.gradle.internal.work.DefaultConditionalExecutionQueue$ExecutionRunner.run(DefaultConditionalExecutionQueue.java:126)
2026-01-07T13:57:03.3615123Z 	... 2 more
2026-01-07T13:57:03.3615236Z 
2026-01-07T13:57:03.3615243Z 
2026-01-07T13:57:03.3615381Z * Get more help at https://help.gradle.org
2026-01-07T13:57:03.3615589Z 
2026-01-07T13:57:03.3615672Z BUILD FAILED in 31s
2026-01-07T13:57:03.7552992Z ##[error]Process completed with exit code 1.
